[GIN-debug] GET    /hello                    --> main.helloGetHandler (3 handlers)
[GIN-debug] POST   /hello                    --> main.helloPostHandler (3 handlers)
[GIN-debug] PUT    /hello                    --> main.helloPutHandler (3 handlers)
[GIN-debug] DELETE /hello                    --> main.helloDeleteHandler (3 handlers)
[GIN-debug] GET    /querystring              --> main.queryStrHandler (3 handlers)
[GIN-debug] POST   /postform                 --> main.postFormHandler (3 handlers)
[GIN-debug] GET    /asciijson                --> main.asciiJSONHandler (3 handlers)
[GIN-debug] GET    /index                    --> main.indexHandler (3 handlers)
[GIN-debug] GET    /posts/index              --> main.pindexHandler (3 handlers)
[GIN-debug] GET    /users/index              --> main.uindexHandler (3 handlers)
[GIN-debug] GET    /jsonp                    --> main.jsonpHandler (3 handlers)
[GIN-debug] POST   /login                    --> main.loginHandler (3 handlers)
[GIN-debug] POST   /form_post                --> main.formPostHandler (3 handlers)
[GIN-debug] GET    /purejson                 --> main.pureJSONHandler (3 handlers)
[GIN-debug] POST   /post                     --> main.postHandler (3 handlers)
[GIN-debug] GET    /secureJSON               --> main.secureJSONHandler (3 handlers)
[GIN-debug] GET    /someJSON                 --> main.someJSONHandler (3 handlers)
[GIN-debug] GET    /moreJSON                 --> main.moreJSONHandler (3 handlers)
[GIN-debug] GET    /someXML                  --> main.someXMLHandler (3 handlers)
[GIN-debug] GET    /someYAML                 --> main.someYAMLHandler (3 handlers)
[GIN-debug] POST   /uploadSingle             --> main.uploadSingleHandler (3 handlers)
[GIN-debug] POST   /uploadMulti              --> main.uploadMultiHandler (3 handlers)
[GIN-debug] GET    /admin/secrets            --> main.secretsHandler (4 handlers)
[GIN-debug] GET    /bindQuery                --> main.bindQueryHandler (3 handlers)
[GIN-debug] GET    /long_async               --> main.longAsyncHandler (3 handlers)
[GIN-debug] GET    /long_sync                --> main.longSyncHandler (3 handlers)
[GIN-debug] Listening and serving HTTP on :8000
